2026-03-25 20:31:57.450 [JavaFX Application Thread] ERROR [com.academic.dao.DatabaseManager] - Transaction failed, rolling back: [SQLITE_CONSTRAINT_FOREIGNKEY] A foreign key constraint failed (FOREIGN KEY constraint failed)
org.sqlite.SQLiteException: [SQLITE_CONSTRAINT_FOREIGNKEY] A foreign key constraint failed (FOREIGN KEY constraint failed)
	at org.sqlite.core.DB.newSQLException(DB.java:1179)
	at org.sqlite.core.DB.newSQLException(DB.java:1190)
	at org.sqlite.core.DB.execute(DB.java:985)
	at org.sqlite.core.CoreStatement.exec(CoreStatement.java:79)
	at org.sqlite.jdbc3.JDBC3Statement.lambda$execute$0(JDBC3Statement.java:54)
	at org.sqlite.jdbc3.JDBC3Statement.withConnectionTimeout(JDBC3Statement.java:459)
	at org.sqlite.jdbc3.JDBC3Statement.execute(JDBC3Statement.java:42)
	at com.academic.dao.DatabaseManager.seedDummyData(DatabaseManager.java:324)
	at com.academic.dao.DatabaseManager.seedInitialData(DatabaseManager.java:292)
	at com.academic.dao.DatabaseManager.lambda$initializeSchema$0(DatabaseManager.java:140)
	at com.academic.dao.DatabaseManager.executeInTransaction(DatabaseManager.java:105)
	at com.academic.dao.DatabaseManager.initializeSchema(DatabaseManager.java:137)
	at com.academic.dao.DatabaseManager.<init>(DatabaseManager.java:56)
	at com.academic.dao.DatabaseManager.getInstance(DatabaseManager.java:82)
	at com.academic.App.start(App.java:18)
	at javafx.graphics@23.0.1/com.sun.javafx.application.LauncherImpl.lambda$launchApplication1$9(LauncherImpl.java:839)
	at javafx.graphics@23.0.1/com.sun.javafx.application.PlatformImpl.lambda$runAndWait$12(PlatformImpl.java:483)
	at javafx.graphics@23.0.1/com.sun.javafx.application.PlatformImpl.lambda$runLater$10(PlatformImpl.java:456)
	at java.base/java.security.AccessController.doPrivileged(AccessController.java:400)
	at javafx.graphics@23.0.1/com.sun.javafx.application.PlatformImpl.lambda$runLater$11(PlatformImpl.java:455)
	at javafx.graphics@23.0.1/com.sun.glass.ui.InvokeLaterDispatcher$Future.run(InvokeLaterDispatcher.java:95)
	at javafx.graphics@23.0.1/com.sun.glass.ui.win.WinApplication._runLoop(Native Method)
	at javafx.graphics@23.0.1/com.sun.glass.ui.win.WinApplication.lambda$runLoop$3(WinApplication.java:184)
	at java.base/java.lang.Thread.run(Thread.java:1575)
2026-03-25 20:31:57.454 [JavaFX Application Thread] ERROR [com.academic.dao.DatabaseManager] - Failed to initialize database: [SQLITE_CONSTRAINT_FOREIGNKEY] A foreign key constraint failed (FOREIGN KEY constraint failed)
org.sqlite.SQLiteException: [SQLITE_CONSTRAINT_FOREIGNKEY] A foreign key constraint failed (FOREIGN KEY constraint failed)
	at org.sqlite.core.DB.newSQLException(DB.java:1179)
	at org.sqlite.core.DB.newSQLException(DB.java:1190)
	at org.sqlite.core.DB.execute(DB.java:985)
	at org.sqlite.core.CoreStatement.exec(CoreStatement.java:79)
	at org.sqlite.jdbc3.JDBC3Statement.lambda$execute$0(JDBC3Statement.java:54)
	at org.sqlite.jdbc3.JDBC3Statement.withConnectionTimeout(JDBC3Statement.java:459)
	at org.sqlite.jdbc3.JDBC3Statement.execute(JDBC3Statement.java:42)
	at com.academic.dao.DatabaseManager.seedDummyData(DatabaseManager.java:324)
	at com.academic.dao.DatabaseManager.seedInitialData(DatabaseManager.java:292)
	at com.academic.dao.DatabaseManager.lambda$initializeSchema$0(DatabaseManager.java:140)
	at com.academic.dao.DatabaseManager.executeInTransaction(DatabaseManager.java:105)
	at com.academic.dao.DatabaseManager.initializeSchema(DatabaseManager.java:137)
	at com.academic.dao.DatabaseManager.<init>(DatabaseManager.java:56)
	at com.academic.dao.DatabaseManager.getInstance(DatabaseManager.java:82)
	at com.academic.App.start(App.java:18)
	at javafx.graphics@23.0.1/com.sun.javafx.application.LauncherImpl.lambda$launchApplication1$9(LauncherImpl.java:839)
	at javafx.graphics@23.0.1/com.sun.javafx.application.PlatformImpl.lambda$runAndWait$12(PlatformImpl.java:483)
	at javafx.graphics@23.0.1/com.sun.javafx.application.PlatformImpl.lambda$runLater$10(PlatformImpl.java:456)
	at java.base/java.security.AccessController.doPrivileged(AccessController.java:400)
	at javafx.graphics@23.0.1/com.sun.javafx.application.PlatformImpl.lambda$runLater$11(PlatformImpl.java:455)
	at javafx.graphics@23.0.1/com.sun.glass.ui.InvokeLaterDispatcher$Future.run(InvokeLaterDispatcher.java:95)
	at javafx.graphics@23.0.1/com.sun.glass.ui.win.WinApplication._runLoop(Native Method)
	at javafx.graphics@23.0.1/com.sun.glass.ui.win.WinApplication.lambda$runLoop$3(WinApplication.java:184)
	at java.base/java.lang.Thread.run(Thread.java:1575)
2026-03-25 20:31:57.482 [JavaFX Application Thread] ERROR [com.academic.dao.DatabaseManager] - Transaction failed, rolling back: [SQLITE_CONSTRAINT_FOREIGNKEY] A foreign key constraint failed (FOREIGN KEY constraint failed)
org.sqlite.SQLiteException: [SQLITE_CONSTRAINT_FOREIGNKEY] A foreign key constraint failed (FOREIGN KEY constraint failed)
	at org.sqlite.core.DB.newSQLException(DB.java:1179)
	at org.sqlite.core.DB.newSQLException(DB.java:1190)
	at org.sqlite.core.DB.execute(DB.java:985)
	at org.sqlite.core.CoreStatement.exec(CoreStatement.java:79)
	at org.sqlite.jdbc3.JDBC3Statement.lambda$execute$0(JDBC3Statement.java:54)
	at org.sqlite.jdbc3.JDBC3Statement.withConnectionTimeout(JDBC3Statement.java:459)
	at org.sqlite.jdbc3.JDBC3Statement.execute(JDBC3Statement.java:42)
	at com.academic.dao.DatabaseManager.seedDummyData(DatabaseManager.java:324)
	at com.academic.dao.DatabaseManager.seedInitialData(DatabaseManager.java:292)
	at com.academic.dao.DatabaseManager.lambda$initializeSchema$0(DatabaseManager.java:140)
	at com.academic.dao.DatabaseManager.executeInTransaction(DatabaseManager.java:105)
	at com.academic.dao.DatabaseManager.initializeSchema(DatabaseManager.java:137)
	at com.academic.dao.DatabaseManager.<init>(DatabaseManager.java:56)
	at com.academic.dao.DatabaseManager.getInstance(DatabaseManager.java:82)
	at com.academic.App.stop(App.java:37)
	at javafx.graphics@23.0.1/com.sun.javafx.application.LauncherImpl.lambda$launchApplication1$10(LauncherImpl.java:858)
	at javafx.graphics@23.0.1/com.sun.javafx.application.PlatformImpl.lambda$runAndWait$12(PlatformImpl.java:483)
	at javafx.graphics@23.0.1/com.sun.javafx.application.PlatformImpl.lambda$runLater$10(PlatformImpl.java:456)
	at java.base/java.security.AccessController.doPrivileged(AccessController.java:400)
	at javafx.graphics@23.0.1/com.sun.javafx.application.PlatformImpl.lambda$runLater$11(PlatformImpl.java:455)
	at javafx.graphics@23.0.1/com.sun.glass.ui.InvokeLaterDispatcher$Future.run(InvokeLaterDispatcher.java:95)
	at javafx.graphics@23.0.1/com.sun.glass.ui.win.WinApplication._runLoop(Native Method)
	at javafx.graphics@23.0.1/com.sun.glass.ui.win.WinApplication.lambda$runLoop$3(WinApplication.java:184)
	at java.base/java.lang.Thread.run(Thread.java:1575)
2026-03-25 20:31:57.485 [JavaFX Application Thread] ERROR [com.academic.dao.DatabaseManager] - Failed to initialize database: [SQLITE_CONSTRAINT_FOREIGNKEY] A foreign key constraint failed (FOREIGN KEY constraint failed)
org.sqlite.SQLiteException: [SQLITE_CONSTRAINT_FOREIGNKEY] A foreign key constraint failed (FOREIGN KEY constraint failed)
	at org.sqlite.core.DB.newSQLException(DB.java:1179)
	at org.sqlite.core.DB.newSQLException(DB.java:1190)
	at org.sqlite.core.DB.execute(DB.java:985)
	at org.sqlite.core.CoreStatement.exec(CoreStatement.java:79)
	at org.sqlite.jdbc3.JDBC3Statement.lambda$execute$0(JDBC3Statement.java:54)
	at org.sqlite.jdbc3.JDBC3Statement.withConnectionTimeout(JDBC3Statement.java:459)
	at org.sqlite.jdbc3.JDBC3Statement.execute(JDBC3Statement.java:42)
	at com.academic.dao.DatabaseManager.seedDummyData(DatabaseManager.java:324)
	at com.academic.dao.DatabaseManager.seedInitialData(DatabaseManager.java:292)
	at com.academic.dao.DatabaseManager.lambda$initializeSchema$0(DatabaseManager.java:140)
	at com.academic.dao.DatabaseManager.executeInTransaction(DatabaseManager.java:105)
	at com.academic.dao.DatabaseManager.initializeSchema(DatabaseManager.java:137)
	at com.academic.dao.DatabaseManager.<init>(DatabaseManager.java:56)
	at com.academic.dao.DatabaseManager.getInstance(DatabaseManager.java:82)
	at com.academic.App.stop(App.java:37)
	at javafx.graphics@23.0.1/com.sun.javafx.application.LauncherImpl.lambda$launchApplication1$10(LauncherImpl.java:858)
	at javafx.graphics@23.0.1/com.sun.javafx.application.PlatformImpl.lambda$runAndWait$12(PlatformImpl.java:483)
	at javafx.graphics@23.0.1/com.sun.javafx.application.PlatformImpl.lambda$runLater$10(PlatformImpl.java:456)
	at java.base/java.security.AccessController.doPrivileged(AccessController.java:400)
	at javafx.graphics@23.0.1/com.sun.javafx.application.PlatformImpl.lambda$runLater$11(PlatformImpl.java:455)
	at javafx.graphics@23.0.1/com.sun.glass.ui.InvokeLaterDispatcher$Future.run(InvokeLaterDispatcher.java:95)
	at javafx.graphics@23.0.1/com.sun.glass.ui.win.WinApplication._runLoop(Native Method)
	at javafx.graphics@23.0.1/com.sun.glass.ui.win.WinApplication.lambda$runLoop$3(WinApplication.java:184)
	at java.base/java.lang.Thread.run(Thread.java:1575)
